INFO:root:Loading Jacquard Dataset...
INFO:root:Done
INFO:root:Loading Network...
INFO:root:Done
INFO:root:Beginning Epoch 00
INFO:root:Epoch: 0, Batch: 10, Loss: 0.2658
INFO:root:Epoch: 0, Batch: 20, Loss: 0.0941
INFO:root:Epoch: 0, Batch: 30, Loss: 0.0697
INFO:root:Epoch: 0, Batch: 40, Loss: 0.0538
INFO:root:Loading Jacquard Dataset...
INFO:root:Done
INFO:root:Loading Network...
INFO:root:Done
INFO:root:Loading Jacquard Dataset...
INFO:root:Done
INFO:root:Loading Network...
INFO:root:Done
INFO:root:Loading Jacquard Dataset...
INFO:root:Done
INFO:root:Loading Network...
INFO:root:Loading Jacquard Dataset...
INFO:root:Done
INFO:root:Loading Network...
INFO:root:Done
INFO:root:Beginning Epoch 00
INFO:root:Loading Jacquard Dataset...
INFO:root:Done
INFO:root:Loading Network...
INFO:root:Done
INFO:root:Beginning Epoch 00
INFO:root:Loading Jacquard Dataset...
INFO:root:Done
INFO:root:Loading Network...
INFO:root:Done
INFO:root:Beginning Epoch 00
INFO:root:Epoch: 0, Batch: 10, Loss: 0.2720
INFO:root:Epoch: 0, Batch: 20, Loss: 0.1083
INFO:root:Epoch: 0, Batch: 30, Loss: 0.0743
INFO:root:Epoch: 0, Batch: 40, Loss: 0.0523
INFO:root:Epoch: 0, Batch: 50, Loss: 0.0607
INFO:root:Epoch: 0, Batch: 60, Loss: 0.0603
INFO:root:Epoch: 0, Batch: 70, Loss: 0.0583
INFO:root:Epoch: 0, Batch: 80, Loss: 0.0603
INFO:root:Epoch: 0, Batch: 90, Loss: 0.0554
